This file contains any messages produced by compilers while
running configure, to aid debugging if configure makes a mistake.

It was created by 42sh configure 0.1, which was
generated by GNU Autoconf 2.71.  Invocation command line was

  $ ./configure

## --------- ##
## Platform. ##
## --------- ##

hostname = r06p03.sm14.kb.sm.cri.epita.fr
uname -m = x86_64
uname -r = 6.1.45
uname -s = Linux
uname -v = #1-NixOS SMP PREEMPT_DYNAMIC Fri Aug 11 10:08:27 UTC 2023

/usr/bin/uname -p = unknown
/bin/uname -X     = unknown

/bin/arch              = unknown
/usr/bin/arch -k       = unknown
/usr/convex/getsysinfo = unknown
/usr/bin/hostinfo      = unknown
/bin/machine           = unknown
/usr/bin/oslevel       = unknown
/bin/universe          = unknown

PATH: /run/current-system/sw/bin/
PATH: /run/wrappers/bin/
PATH: /home/thomas.polo/.nix-profile/bin/
PATH: /etc/profiles/per-user/thomas.polo/bin/
PATH: /nix/var/nix/profiles/default/bin/
PATH: /run/current-system/sw/bin/


## ----------- ##
## Core tests. ##
## ----------- ##

configure:2154: looking for aux files: compile ar-lib missing install-sh
configure:2167:  trying ./
configure:2196:   ./compile found
configure:2196:   ./ar-lib found
configure:2196:   ./missing found
configure:2178:   ./install-sh found
configure:2327: checking for a BSD-compatible install
configure:2400: result: /run/current-system/sw/bin/install -c
configure:2411: checking whether build environment is sane
configure:2466: result: yes
configure:2625: checking for a race-free mkdir -p
configure:2669: result: /run/current-system/sw/bin/mkdir -p
configure:2676: checking for gawk
configure:2697: found /run/current-system/sw/bin/gawk
configure:2708: result: gawk
configure:2719: checking whether make sets $(MAKE)
configure:2742: result: yes
configure:2772: checking whether make supports nested variables
configure:2790: result: yes
configure:2940: checking whether make supports nested variables
configure:2958: result: yes
configure:2984: checking whether make supports the include directive
configure:2999: make -f confmf.GNU && cat confinc.out
this is the am__doit target
configure:3002: $? = 0
configure:3021: result: yes (GNU style)
configure:3097: checking for gcc
configure:3118: found /run/current-system/sw/bin/gcc
configure:3129: result: gcc
configure:3482: checking for C compiler version
configure:3491: gcc --version >&5
gcc (GCC) 12.2.0
Copyright (C) 2022 Free Software Foundation, Inc.
This is free software; see the source for copying conditions.  There is NO
warranty; not even for MERCHANTABILITY or FITNESS FOR A PARTICULAR PURPOSE.

configure:3502: $? = 0
configure:3491: gcc -v >&5
Using built-in specs.
COLLECT_GCC=/nix/store/b7hvml0m3qmqraz1022fwvyyg6fc1vdy-gcc-12.2.0/bin/gcc
COLLECT_LTO_WRAPPER=/nix/store/b7hvml0m3qmqraz1022fwvyyg6fc1vdy-gcc-12.2.0/libexec/gcc/x86_64-unknown-linux-gnu/12.2.0/lto-wrapper
Target: x86_64-unknown-linux-gnu
Configured with: 
Thread model: posix
Supported LTO compression algorithms: zlib
gcc version 12.2.0 (GCC) 
configure:3502: $? = 0
configure:3491: gcc -V >&5
gcc: error: unrecognized command-line option '-V'
gcc: fatal error: no input files
compilation terminated.
configure:3502: $? = 1
configure:3491: gcc -qversion >&5
gcc: error: unrecognized command-line option '-qversion'; did you mean '--version'?
gcc: fatal error: no input files
compilation terminated.
configure:3502: $? = 1
configure:3491: gcc -version >&5
gcc: error: unrecognized command-line option '-version'
gcc: fatal error: no input files
compilation terminated.
configure:3502: $? = 1
configure:3522: checking whether the C compiler works
configure:3544: gcc    conftest.c  >&5
configure:3548: $? = 0
configure:3598: result: yes
configure:3601: checking for C compiler default output file name
configure:3603: result: a.out
configure:3609: checking for suffix of executables
configure:3616: gcc -o conftest    conftest.c  >&5
configure:3620: $? = 0
configure:3643: result: 
configure:3665: checking whether we are cross compiling
configure:3673: gcc -o conftest    conftest.c  >&5
configure:3677: $? = 0
configure:3684: ./conftest
configure:3688: $? = 0
configure:3703: result: no
configure:3708: checking for suffix of object files
configure:3731: gcc -c   conftest.c >&5
configure:3735: $? = 0
configure:3757: result: o
configure:3761: checking whether the compiler supports GNU C
configure:3781: gcc -c   conftest.c >&5
configure:3781: $? = 0
configure:3791: result: yes
configure:3802: checking whether gcc accepts -g
configure:3823: gcc -c -g  conftest.c >&5
configure:3823: $? = 0
configure:3867: result: yes
configure:3887: checking for gcc option to enable C11 features
configure:3902: gcc  -c -g -O2  conftest.c >&5
configure:3902: $? = 0
configure:3920: result: none needed
configure:4036: checking whether gcc understands -c and -o together
configure:4059: gcc -c conftest.c -o conftest2.o
configure:4062: $? = 0
configure:4059: gcc -c conftest.c -o conftest2.o
configure:4062: $? = 0
configure:4074: result: yes
configure:4093: checking dependency style of gcc
configure:4205: result: gcc3
configure:4276: checking for ar
configure:4297: found /run/current-system/sw/bin/ar
configure:4308: result: ar
configure:4334: checking the archiver (ar) interface
configure:4351: gcc -c -g -O2  conftest.c >&5
configure:4351: $? = 0
configure:4354: ar cru libconftest.a conftest.o >&5
ar: `u' modifier ignored since `D' is the default (see `U')
configure:4357: $? = 0
configure:4385: result: ar
configure:4455: checking for ranlib
configure:4476: found /run/current-system/sw/bin/ranlib
configure:4487: result: ranlib
configure:4564: checking for gcc
configure:4596: result: gcc
configure:4949: checking for C compiler version
configure:4958: gcc --version >&5
gcc (GCC) 12.2.0
Copyright (C) 2022 Free Software Foundation, Inc.
This is free software; see the source for copying conditions.  There is NO
warranty; not even for MERCHANTABILITY or FITNESS FOR A PARTICULAR PURPOSE.

configure:4969: $? = 0
configure:4958: gcc -v >&5
Using built-in specs.
COLLECT_GCC=/nix/store/b7hvml0m3qmqraz1022fwvyyg6fc1vdy-gcc-12.2.0/bin/gcc
COLLECT_LTO_WRAPPER=/nix/store/b7hvml0m3qmqraz1022fwvyyg6fc1vdy-gcc-12.2.0/libexec/gcc/x86_64-unknown-linux-gnu/12.2.0/lto-wrapper
Target: x86_64-unknown-linux-gnu
Configured with: 
Thread model: posix
Supported LTO compression algorithms: zlib
gcc version 12.2.0 (GCC) 
configure:4969: $? = 0
configure:4958: gcc -V >&5
gcc: error: unrecognized command-line option '-V'
gcc: fatal error: no input files
compilation terminated.
configure:4969: $? = 1
configure:4958: gcc -qversion >&5
gcc: error: unrecognized command-line option '-qversion'; did you mean '--version'?
gcc: fatal error: no input files
compilation terminated.
configure:4969: $? = 1
configure:4958: gcc -version >&5
gcc: error: unrecognized command-line option '-version'
gcc: fatal error: no input files
compilation terminated.
configure:4969: $? = 1
configure:4973: checking whether the compiler supports GNU C
configure:5003: result: yes
configure:5014: checking whether gcc accepts -g
configure:5079: result: yes
configure:5099: checking for gcc option to enable C11 features
configure:5132: result: none needed
configure:5248: checking whether gcc understands -c and -o together
configure:5286: result: yes
configure:5305: checking dependency style of gcc
configure:5417: result: gcc3
configure:5434: checking for a sed that does not truncate output
configure:5504: result: /run/current-system/sw/bin/sed
configure:5590: gcc -c -g -O2  conftest.c >&5
conftest.c:13:9: error: #error "no C++"
   13 |        #error "no C++"
      |         ^~~~~
configure:5590: $? = 1
configure: failed program was:
| /* confdefs.h */
| #define PACKAGE_NAME "42sh"
| #define PACKAGE_TARNAME "42sh"
| #define PACKAGE_VERSION "0.1"
| #define PACKAGE_STRING "42sh 0.1"
| #define PACKAGE_BUGREPORT ""
| #define PACKAGE_URL ""
| #define PACKAGE "42sh"
| #define VERSION "0.1"
| /* end confdefs.h.  */
| 
|       #ifndef __cplusplus
|        #error "no C++"
|        #endif
| int
| main (void)
| {
| 
|   ;
|   return 0;
| }
configure:5603: checking whether C compiler accepts -Werror=unknown-warning-option
configure:5623: gcc -c -g -O2  -Werror=unknown-warning-option  conftest.c >&5
cc1: error: '-Werror=unknown-warning-option': no option '-Wunknown-warning-option'
configure:5623: $? = 1
configure: failed program was:
| /* confdefs.h */
| #define PACKAGE_NAME "42sh"
| #define PACKAGE_TARNAME "42sh"
| #define PACKAGE_VERSION "0.1"
| #define PACKAGE_STRING "42sh 0.1"
| #define PACKAGE_BUGREPORT ""
| #define PACKAGE_URL ""
| #define PACKAGE "42sh"
| #define VERSION "0.1"
| /* end confdefs.h.  */
| 
| int
| main (void)
| {
| 
|   ;
|   return 0;
| }
configure:5632: result: no
configure:5647: checking whether C compiler accepts -Wno-suggest-attribute=format
configure:5667: gcc -c -g -O2  -Wno-suggest-attribute=format  conftest.c >&5
configure:5667: $? = 0
configure:5676: result: yes
configure:5697: checking whether C compiler accepts -fno-strict-aliasing
configure:5717: gcc -c -g -O2  -fno-strict-aliasing  conftest.c >&5
configure:5717: $? = 0
configure:5727: result: yes
configure:5756: : WARN_CFLAGS="$WARN_CFLAGS"
configure:5759: $? = 0
configure:5697: checking whether C compiler accepts -Wall
configure:5717: gcc -c -g -O2  -Wall  conftest.c >&5
configure:5717: $? = 0
configure:5727: result: yes
configure:5745: : WARN_CFLAGS="$WARN_CFLAGS"
configure:5748: $? = 0
configure:5697: checking whether C compiler accepts -Wextra
configure:5717: gcc -c -g -O2  -Wextra  conftest.c >&5
configure:5717: $? = 0
configure:5727: result: yes
configure:5745: : WARN_CFLAGS="$WARN_CFLAGS"
configure:5748: $? = 0
configure:5697: checking whether C compiler accepts -Werror
configure:5717: gcc -c -g -O2  -Werror  conftest.c >&5
configure:5717: $? = 0
configure:5727: result: yes
configure:5745: : WARN_CFLAGS="$WARN_CFLAGS"
configure:5748: $? = 0
configure:5697: checking whether C compiler accepts -Wvla
configure:5717: gcc -c -g -O2  -Wvla  conftest.c >&5
configure:5717: $? = 0
configure:5727: result: yes
configure:5745: : WARN_CFLAGS="$WARN_CFLAGS"
configure:5748: $? = 0
configure:5697: checking whether C compiler accepts -pedantic
configure:5717: gcc -c -g -O2  -pedantic  conftest.c >&5
configure:5717: $? = 0
configure:5727: result: yes
configure:5745: : WARN_CFLAGS="$WARN_CFLAGS"
configure:5748: $? = 0
configure:5697: checking whether C compiler accepts -std=c99
configure:5717: gcc -c -g -O2  -std=c99  conftest.c >&5
configure:5717: $? = 0
configure:5727: result: yes
configure:5745: : WARN_CFLAGS="$WARN_CFLAGS"
configure:5748: $? = 0
configure:5782: checking whether C compiler accepts -Wnested-externs
configure:5802: gcc -c -g -O2  -Wnested-externs  conftest.c >&5
configure:5802: $? = 0
configure:5812: result: yes
configure:5830: : WARN_CFLAGS="$WARN_CFLAGS"
configure:5833: $? = 0
configure:5782: checking whether C compiler accepts -Wmissing-prototypes
configure:5802: gcc -c -g -O2  -Wmissing-prototypes  conftest.c >&5
configure:5802: $? = 0
configure:5812: result: yes
configure:5830: : WARN_CFLAGS="$WARN_CFLAGS"
configure:5833: $? = 0
configure:5782: checking whether C compiler accepts -Wstrict-prototypes
configure:5802: gcc -c -g -O2  -Wstrict-prototypes  conftest.c >&5
configure:5802: $? = 0
configure:5812: result: yes
configure:5830: : WARN_CFLAGS="$WARN_CFLAGS"
configure:5833: $? = 0
configure:5782: checking whether C compiler accepts -Wdeclaration-after-statement
configure:5802: gcc -c -g -O2  -Wdeclaration-after-statement  conftest.c >&5
configure:5802: $? = 0
configure:5812: result: yes
configure:5830: : WARN_CFLAGS="$WARN_CFLAGS"
configure:5833: $? = 0
configure:5782: checking whether C compiler accepts -Wimplicit-function-declaration
configure:5802: gcc -c -g -O2  -Wimplicit-function-declaration  conftest.c >&5
configure:5802: $? = 0
configure:5812: result: yes
configure:5830: : WARN_CFLAGS="$WARN_CFLAGS"
configure:5833: $? = 0
configure:5782: checking whether C compiler accepts -Wold-style-definition
configure:5802: gcc -c -g -O2  -Wold-style-definition  conftest.c >&5
configure:5802: $? = 0
configure:5812: result: yes
configure:5830: : WARN_CFLAGS="$WARN_CFLAGS"
configure:5833: $? = 0
configure:5782: checking whether C compiler accepts -Wjump-misses-init
configure:5802: gcc -c -g -O2  -Wjump-misses-init  conftest.c >&5
configure:5802: $? = 0
configure:5812: result: yes
configure:5830: : WARN_CFLAGS="$WARN_CFLAGS"
configure:5833: $? = 0
configure:5864: checking whether C compiler accepts -Wall
configure:5894: result: yes
configure:5904: : WARN_CFLAGS already contains $flag
configure:5907: $? = 0
configure:5864: checking whether C compiler accepts -Wextra
configure:5894: result: yes
configure:5904: : WARN_CFLAGS already contains $flag
configure:5907: $? = 0
configure:5864: checking whether C compiler accepts -Wundef
configure:5884: gcc -c -g -O2  -Wundef  conftest.c >&5
configure:5884: $? = 0
configure:5894: result: yes
configure:5912: : WARN_CFLAGS="$WARN_CFLAGS"
configure:5915: $? = 0
configure:5864: checking whether C compiler accepts -Wwrite-strings
configure:5884: gcc -c -g -O2  -Wwrite-strings  conftest.c >&5
configure:5884: $? = 0
configure:5894: result: yes
configure:5912: : WARN_CFLAGS="$WARN_CFLAGS"
configure:5915: $? = 0
configure:5864: checking whether C compiler accepts -Wpointer-arith
configure:5884: gcc -c -g -O2  -Wpointer-arith  conftest.c >&5
configure:5884: $? = 0
configure:5894: result: yes
configure:5912: : WARN_CFLAGS="$WARN_CFLAGS"
configure:5915: $? = 0
configure:5864: checking whether C compiler accepts -Wmissing-declarations
configure:5884: gcc -c -g -O2  -Wmissing-declarations  conftest.c >&5
configure:5884: $? = 0
configure:5894: result: yes
configure:5912: : WARN_CFLAGS="$WARN_CFLAGS"
configure:5915: $? = 0
configure:5864: checking whether C compiler accepts -Wredundant-decls
configure:5884: gcc -c -g -O2  -Wredundant-decls  conftest.c >&5
configure:5884: $? = 0
configure:5894: result: yes
configure:5912: : WARN_CFLAGS="$WARN_CFLAGS"
configure:5915: $? = 0
configure:5864: checking whether C compiler accepts -Wno-unused-parameter
configure:5884: gcc -c -g -O2  -Wno-unused-parameter  conftest.c >&5
configure:5884: $? = 0
configure:5894: result: yes
configure:5912: : WARN_CFLAGS="$WARN_CFLAGS"
configure:5915: $? = 0
configure:5864: checking whether C compiler accepts -Wno-missing-field-initializers
configure:5884: gcc -c -g -O2  -Wno-missing-field-initializers  conftest.c >&5
configure:5884: $? = 0
configure:5894: result: yes
configure:5912: : WARN_CFLAGS="$WARN_CFLAGS"
configure:5915: $? = 0
configure:5864: checking whether C compiler accepts -Wformat=2
configure:5884: gcc -c -g -O2  -Wformat=2  conftest.c >&5
configure:5884: $? = 0
configure:5894: result: yes
configure:5912: : WARN_CFLAGS="$WARN_CFLAGS"
configure:5915: $? = 0
configure:5864: checking whether C compiler accepts -Wcast-align
configure:5884: gcc -c -g -O2  -Wcast-align  conftest.c >&5
configure:5884: $? = 0
configure:5894: result: yes
configure:5912: : WARN_CFLAGS="$WARN_CFLAGS"
configure:5915: $? = 0
configure:5864: checking whether C compiler accepts -Wformat-nonliteral
configure:5884: gcc -c -g -O2  -Wformat-nonliteral  conftest.c >&5
cc1: warning: '-Wformat-nonliteral' ignored without '-Wformat' [-Wformat-nonliteral]
configure:5884: $? = 0
configure:5894: result: yes
configure:5912: : WARN_CFLAGS="$WARN_CFLAGS"
configure:5915: $? = 0
configure:5864: checking whether C compiler accepts -Wformat-security
configure:5884: gcc -c -g -O2  -Wformat-security  conftest.c >&5
cc1: warning: '-Wformat-security' ignored without '-Wformat' [-Wformat-security]
configure:5884: $? = 0
configure:5894: result: yes
configure:5912: : WARN_CFLAGS="$WARN_CFLAGS"
configure:5915: $? = 0
configure:5864: checking whether C compiler accepts -Wsign-compare
configure:5884: gcc -c -g -O2  -Wsign-compare  conftest.c >&5
configure:5884: $? = 0
configure:5894: result: yes
configure:5912: : WARN_CFLAGS="$WARN_CFLAGS"
configure:5915: $? = 0
configure:5864: checking whether C compiler accepts -Wstrict-aliasing
configure:5884: gcc -c -g -O2  -Wstrict-aliasing  conftest.c >&5
configure:5884: $? = 0
configure:5894: result: yes
configure:5912: : WARN_CFLAGS="$WARN_CFLAGS"
configure:5915: $? = 0
configure:5864: checking whether C compiler accepts -Wshadow
configure:5884: gcc -c -g -O2  -Wshadow  conftest.c >&5
configure:5884: $? = 0
configure:5894: result: yes
configure:5912: : WARN_CFLAGS="$WARN_CFLAGS"
configure:5915: $? = 0
configure:5864: checking whether C compiler accepts -Winline
configure:5884: gcc -c -g -O2  -Winline  conftest.c >&5
configure:5884: $? = 0
configure:5894: result: yes
configure:5912: : WARN_CFLAGS="$WARN_CFLAGS"
configure:5915: $? = 0
configure:5864: checking whether C compiler accepts -Wpacked
configure:5884: gcc -c -g -O2  -Wpacked  conftest.c >&5
configure:5884: $? = 0
configure:5894: result: yes
configure:5912: : WARN_CFLAGS="$WARN_CFLAGS"
configure:5915: $? = 0
configure:5864: checking whether C compiler accepts -Wmissing-format-attribute
configure:5884: gcc -c -g -O2  -Wmissing-format-attribute  conftest.c >&5
configure:5884: $? = 0
configure:5894: result: yes
configure:5912: : WARN_CFLAGS="$WARN_CFLAGS"
configure:5915: $? = 0
configure:5864: checking whether C compiler accepts -Wmissing-noreturn
configure:5884: gcc -c -g -O2  -Wmissing-noreturn  conftest.c >&5
configure:5884: $? = 0
configure:5894: result: yes
configure:5912: : WARN_CFLAGS="$WARN_CFLAGS"
configure:5915: $? = 0
configure:5864: checking whether C compiler accepts -Winit-self
configure:5884: gcc -c -g -O2  -Winit-self  conftest.c >&5
configure:5884: $? = 0
configure:5894: result: yes
configure:5912: : WARN_CFLAGS="$WARN_CFLAGS"
configure:5915: $? = 0
configure:5864: checking whether C compiler accepts -Wredundant-decls
configure:5894: result: yes
configure:5904: : WARN_CFLAGS already contains $flag
configure:5907: $? = 0
configure:5864: checking whether C compiler accepts -Wmissing-include-dirs
configure:5884: gcc -c -g -O2  -Wmissing-include-dirs  conftest.c >&5
configure:5884: $? = 0
configure:5894: result: yes
configure:5912: : WARN_CFLAGS="$WARN_CFLAGS"
configure:5915: $? = 0
configure:5864: checking whether C compiler accepts -Wunused-but-set-variable
configure:5884: gcc -c -g -O2  -Wunused-but-set-variable  conftest.c >&5
configure:5884: $? = 0
configure:5894: result: yes
configure:5912: : WARN_CFLAGS="$WARN_CFLAGS"
configure:5915: $? = 0
configure:5864: checking whether C compiler accepts -Warray-bounds
configure:5884: gcc -c -g -O2  -Warray-bounds  conftest.c >&5
configure:5884: $? = 0
configure:5894: result: yes
configure:5912: : WARN_CFLAGS="$WARN_CFLAGS"
configure:5915: $? = 0
configure:5864: checking whether C compiler accepts -Wreturn-type
configure:5884: gcc -c -g -O2  -Wreturn-type  conftest.c >&5
configure:5884: $? = 0
configure:5894: result: yes
configure:5912: : WARN_CFLAGS="$WARN_CFLAGS"
configure:5915: $? = 0
configure:5864: checking whether C compiler accepts -Wswitch-enum
configure:5884: gcc -c -g -O2  -Wswitch-enum  conftest.c >&5
configure:5884: $? = 0
configure:5894: result: yes
configure:5912: : WARN_CFLAGS="$WARN_CFLAGS"
configure:5915: $? = 0
configure:5864: checking whether C compiler accepts -Wswitch-default
configure:5884: gcc -c -g -O2  -Wswitch-default  conftest.c >&5
configure:5884: $? = 0
configure:5894: result: yes
configure:5912: : WARN_CFLAGS="$WARN_CFLAGS"
configure:5915: $? = 0
configure:5864: checking whether C compiler accepts -Wduplicated-cond
configure:5884: gcc -c -g -O2  -Wduplicated-cond  conftest.c >&5
configure:5884: $? = 0
configure:5894: result: yes
configure:5912: : WARN_CFLAGS="$WARN_CFLAGS"
configure:5915: $? = 0
configure:5864: checking whether C compiler accepts -Wduplicated-branches
configure:5884: gcc -c -g -O2  -Wduplicated-branches  conftest.c >&5
configure:5884: $? = 0
configure:5894: result: yes
configure:5912: : WARN_CFLAGS="$WARN_CFLAGS"
configure:5915: $? = 0
configure:5864: checking whether C compiler accepts -Wlogical-op
configure:5884: gcc -c -g -O2  -Wlogical-op  conftest.c >&5
configure:5884: $? = 0
configure:5894: result: yes
configure:5912: : WARN_CFLAGS="$WARN_CFLAGS"
configure:5915: $? = 0
configure:5864: checking whether C compiler accepts -Wrestrict
configure:5884: gcc -c -g -O2  -Wrestrict  conftest.c >&5
configure:5884: $? = 0
configure:5894: result: yes
configure:5912: : WARN_CFLAGS="$WARN_CFLAGS"
configure:5915: $? = 0
configure:5864: checking whether C compiler accepts -Wnull-dereference
configure:5884: gcc -c -g -O2  -Wnull-dereference  conftest.c >&5
configure:5884: $? = 0
configure:5894: result: yes
configure:5912: : WARN_CFLAGS="$WARN_CFLAGS"
configure:5915: $? = 0
configure:5864: checking whether C compiler accepts -Wdouble-promotion
configure:5884: gcc -c -g -O2  -Wdouble-promotion  conftest.c >&5
configure:5884: $? = 0
configure:5894: result: yes
configure:5912: : WARN_CFLAGS="$WARN_CFLAGS"
configure:5915: $? = 0
configure:5953: : WARN_CFLAGS already contains -Werror
configure:5956: $? = 0
configure:5987: checking whether C compiler accepts -Wno-suggest-attribute=format
configure:6007: gcc -c -g -O2  -Wno-suggest-attribute=format  conftest.c >&5
configure:6007: $? = 0
configure:6017: result: yes
configure:6035: : WARN_CFLAGS="$WARN_CFLAGS"
configure:6038: $? = 0
configure:6079: checking whether C compiler accepts -Wno-error=unused-parameter
configure:6099: gcc -c -g -O2  -Wno-error=unused-parameter  conftest.c >&5
configure:6099: $? = 0
configure:6109: result: yes
configure:6127: : WARN_CFLAGS="$WARN_CFLAGS"
configure:6130: $? = 0
configure:6079: checking whether C compiler accepts -Wno-error=missing-field-initializers
configure:6099: gcc -c -g -O2  -Wno-error=missing-field-initializers  conftest.c >&5
configure:6099: $? = 0
configure:6109: result: yes
configure:6127: : WARN_CFLAGS="$WARN_CFLAGS"
configure:6130: $? = 0
configure:6187: checking whether C compiler accepts -Werror=unknown-warning-option
configure:6216: result: no
configure:6230: checking whether the linker accepts -Wl,--as-needed
configure:6250: gcc -o conftest -g -O2    -Wl,--as-needed conftest.c  >&5
configure:6250: $? = 0
configure:6260: result: yes
configure:6271: checking whether the linker accepts -Wl,--as-needed
configure:6291: gcc -o conftest -g -O2    -Wl,--as-needed conftest.c  >&5
configure:6291: $? = 0
configure:6302: result: yes
configure:6331: : AM_LDFLAGS="$AM_LDFLAGS"
configure:6334: $? = 0
configure:6350: checking whether the linker accepts -Wl,-z,relro
configure:6370: gcc -o conftest -g -O2    -Wl,-z,relro conftest.c  >&5
configure:6370: $? = 0
configure:6380: result: yes
configure:6391: checking whether the linker accepts -Wl,-z,relro
configure:6411: gcc -o conftest -g -O2    -Wl,-z,relro conftest.c  >&5
configure:6411: $? = 0
configure:6422: result: yes
configure:6440: : AM_LDFLAGS="$AM_LDFLAGS"
configure:6443: $? = 0
configure:6470: checking whether the linker accepts -Wl,-z,now
configure:6490: gcc -o conftest -g -O2    -Wl,-z,now conftest.c  >&5
configure:6490: $? = 0
configure:6500: result: yes
configure:6511: checking whether the linker accepts -Wl,-z,now
configure:6531: gcc -o conftest -g -O2    -Wl,-z,now conftest.c  >&5
configure:6531: $? = 0
configure:6542: result: yes
configure:6560: : AM_LDFLAGS="$AM_LDFLAGS"
configure:6563: $? = 0
configure:6590: checking whether the linker accepts -Wl,-z,noexecstack
configure:6610: gcc -o conftest -g -O2    -Wl,-z,noexecstack conftest.c  >&5
configure:6610: $? = 0
configure:6620: result: yes
configure:6631: checking whether the linker accepts -Wl,-z,noexecstack
configure:6651: gcc -o conftest -g -O2    -Wl,-z,noexecstack conftest.c  >&5
configure:6651: $? = 0
configure:6662: result: yes
configure:6680: : AM_LDFLAGS="$AM_LDFLAGS"
configure:6683: $? = 0
configure:6713: checking whether the linker accepts -Wl,--no-as-needed
configure:6733: gcc -o conftest -g -O2    -Wl,--no-as-needed conftest.c  >&5
configure:6733: $? = 0
configure:6743: result: yes
configure:6759: checking whether the linker accepts -Wl,--fatal-warnings
configure:6779: gcc -o conftest -g -O2    -Wl,--fatal-warnings conftest.c  >&5
configure:6779: $? = 0
configure:6789: result: yes
configure:6800: checking whether the linker accepts -Wl,-fatal_warnings
configure:6820: gcc -o conftest -g -O2    -Wl,-fatal_warnings conftest.c  >&5
/nix/store/zkjq96ik8cbv6ijh1lylnkk2bni9qvas-binutils-2.40/bin/ld: -f may not be used without -shared
collect2: error: ld returned 1 exit status
configure:6820: $? = 1
configure: failed program was:
| /* confdefs.h */
| #define PACKAGE_NAME "42sh"
| #define PACKAGE_TARNAME "42sh"
| #define PACKAGE_VERSION "0.1"
| #define PACKAGE_STRING "42sh 0.1"
| #define PACKAGE_BUGREPORT ""
| #define PACKAGE_URL ""
| #define PACKAGE "42sh"
| #define VERSION "0.1"
| /* end confdefs.h.  */
| 
| int
| main (void)
| {
| 
|   ;
|   return 0;
| }
configure:6830: result: no
configure:6849: checking whether the linker accepts -Wl,--no-as-needed
configure:6869: gcc -o conftest -g -O2    -Wl,--no-as-needed conftest.c  >&5
configure:6869: $? = 0
configure:6880: result: yes
configure:6909: : WARN_LDFLAGS="$WARN_LDFLAGS"
configure:6912: $? = 0
configure:7024: checking whether the linker accepts -Wl,--fatal-warnings
configure:7044: gcc -o conftest -g -O2    -Wl,--fatal-warnings conftest.c  >&5
configure:7044: $? = 0
configure:7055: result: yes
configure:7073: : WARN_LDFLAGS="$WARN_LDFLAGS"
configure:7076: $? = 0
configure:7137: : WARN_SCANNERFLAGS="$WARN_SCANNERFLAGS"
configure:7140: $? = 0
configure:7164: : WARN_SCANNERFLAGS="$WARN_SCANNERFLAGS"
configure:7167: $? = 0
configure:7203: : WARN_SCANNERFLAGS="$WARN_SCANNERFLAGS"
configure:7206: $? = 0
configure:7370: checking that generated files are newer than configure
configure:7376: result: done
configure:7403: creating ./config.status

## ---------------------- ##
## Running config.status. ##
## ---------------------- ##

This file was extended by 42sh config.status 0.1, which was
generated by GNU Autoconf 2.71.  Invocation command line was

  CONFIG_FILES    = 
  CONFIG_HEADERS  = 
  CONFIG_LINKS    = 
  CONFIG_COMMANDS = 
  $ ./config.status 

on r06p03.sm14.kb.sm.cri.epita.fr

config.status:786: creating Makefile
config.status:786: creating src/Makefile
config.status:786: creating src/builtins/Makefile
config.status:786: creating src/lexer_parser/Makefile
config.status:786: creating src/utils/Makefile
config.status:786: creating tests/Makefile
config.status:958: executing depfiles commands
config.status:1035: cd src       && sed -e '/# am--include-marker/d' Makefile         | make -f - am--depfiles
config.status:1040: $? = 0
config.status:1035: cd src/builtins       && sed -e '/# am--include-marker/d' Makefile         | make -f - am--depfiles
config.status:1040: $? = 0
config.status:1035: cd src/lexer_parser       && sed -e '/# am--include-marker/d' Makefile         | make -f - am--depfiles
config.status:1040: $? = 0
config.status:1035: cd src/utils       && sed -e '/# am--include-marker/d' Makefile         | make -f - am--depfiles
config.status:1040: $? = 0

## ---------------- ##
## Cache variables. ##
## ---------------- ##

ac_cv_c_compiler_gnu=yes
ac_cv_env_CC_set=
ac_cv_env_CC_value=
ac_cv_env_CFLAGS_set=
ac_cv_env_CFLAGS_value=
ac_cv_env_CPPFLAGS_set=
ac_cv_env_CPPFLAGS_value=
ac_cv_env_LDFLAGS_set=
ac_cv_env_LDFLAGS_value=
ac_cv_env_LIBS_set=
ac_cv_env_LIBS_value=
ac_cv_env_build_alias_set=
ac_cv_env_build_alias_value=
ac_cv_env_host_alias_set=
ac_cv_env_host_alias_value=
ac_cv_env_target_alias_set=
ac_cv_env_target_alias_value=
ac_cv_objext=o
ac_cv_path_SED=/run/current-system/sw/bin/sed
ac_cv_path_install='/run/current-system/sw/bin/install -c'
ac_cv_path_mkdir=/run/current-system/sw/bin/mkdir
ac_cv_prog_AWK=gawk
ac_cv_prog_ac_ct_AR=ar
ac_cv_prog_ac_ct_CC=gcc
ac_cv_prog_ac_ct_RANLIB=ranlib
ac_cv_prog_cc_c11=
ac_cv_prog_cc_g=yes
ac_cv_prog_cc_stdc=
ac_cv_prog_make_make_set=yes
am_cv_CC_dependencies_compiler_type=gcc3
am_cv_ar_interface=ar
am_cv_make_support_nested_variables=yes
am_cv_prog_cc_c_o=yes
ax_cv_check_cflags__Wall=yes
ax_cv_check_cflags__Warray_bounds=yes
ax_cv_check_cflags__Wcast_align=yes
ax_cv_check_cflags__Wdeclaration_after_statement=yes
ax_cv_check_cflags__Wdouble_promotion=yes
ax_cv_check_cflags__Wduplicated_branches=yes
ax_cv_check_cflags__Wduplicated_cond=yes
ax_cv_check_cflags__Werror=yes
ax_cv_check_cflags__Wextra=yes
ax_cv_check_cflags__Wformat_2=yes
ax_cv_check_cflags__Wformat_nonliteral=yes
ax_cv_check_cflags__Wformat_security=yes
ax_cv_check_cflags__Wimplicit_function_declaration=yes
ax_cv_check_cflags__Winit_self=yes
ax_cv_check_cflags__Winline=yes
ax_cv_check_cflags__Wjump_misses_init=yes
ax_cv_check_cflags__Wlogical_op=yes
ax_cv_check_cflags__Wmissing_declarations=yes
ax_cv_check_cflags__Wmissing_format_attribute=yes
ax_cv_check_cflags__Wmissing_include_dirs=yes
ax_cv_check_cflags__Wmissing_noreturn=yes
ax_cv_check_cflags__Wmissing_prototypes=yes
ax_cv_check_cflags__Wnested_externs=yes
ax_cv_check_cflags__Wno_error_missing_field_initializers=yes
ax_cv_check_cflags__Wno_error_unused_parameter=yes
ax_cv_check_cflags__Wno_missing_field_initializers=yes
ax_cv_check_cflags__Wno_suggest_attribute_format=yes
ax_cv_check_cflags__Wno_unused_parameter=yes
ax_cv_check_cflags__Wnull_dereference=yes
ax_cv_check_cflags__Wold_style_definition=yes
ax_cv_check_cflags__Wpacked=yes
ax_cv_check_cflags__Wpointer_arith=yes
ax_cv_check_cflags__Wredundant_decls=yes
ax_cv_check_cflags__Wrestrict=yes
ax_cv_check_cflags__Wreturn_type=yes
ax_cv_check_cflags__Wshadow=yes
ax_cv_check_cflags__Wsign_compare=yes
ax_cv_check_cflags__Wstrict_aliasing=yes
ax_cv_check_cflags__Wstrict_prototypes=yes
ax_cv_check_cflags__Wswitch_default=yes
ax_cv_check_cflags__Wswitch_enum=yes
ax_cv_check_cflags__Wundef=yes
ax_cv_check_cflags__Wunused_but_set_variable=yes
ax_cv_check_cflags__Wvla=yes
ax_cv_check_cflags__Wwrite_strings=yes
ax_cv_check_cflags___Werror_unknown_warning_option=no
ax_cv_check_cflags___Wno_suggest_attribute_format=yes
ax_cv_check_cflags__fno_strict_aliasing=yes
ax_cv_check_cflags__pedantic=yes
ax_cv_check_cflags__std_c99=yes
ax_cv_check_ldflags__Wl___as_needed=yes
ax_cv_check_ldflags__Wl___fatal_warnings=yes
ax_cv_check_ldflags__Wl___no_as_needed=yes
ax_cv_check_ldflags__Wl__z_noexecstack=yes
ax_cv_check_ldflags__Wl__z_now=yes
ax_cv_check_ldflags__Wl__z_relro=yes
ax_cv_check_ldflags___Wl___as_needed=yes
ax_cv_check_ldflags___Wl___fatal_warnings=yes
ax_cv_check_ldflags___Wl___no_as_needed=yes
ax_cv_check_ldflags___Wl__fatal_warnings=no
ax_cv_check_ldflags___Wl__z_noexecstack=yes
ax_cv_check_ldflags___Wl__z_now=yes
ax_cv_check_ldflags___Wl__z_relro=yes

## ----------------- ##
## Output variables. ##
## ----------------- ##

ACLOCAL='${SHELL} '\''/home/thomas.polo/afs/42sh/42sh/missing'\'' aclocal-1.16'
AMDEPBACKSLASH='\'
AMDEP_FALSE='#'
AMDEP_TRUE=''
AMTAR='$${TAR-tar}'
AM_BACKSLASH='\'
AM_DEFAULT_V='$(AM_DEFAULT_VERBOSITY)'
AM_DEFAULT_VERBOSITY='0'
AM_V='$(V)'
AR='ar'
AUTOCONF='${SHELL} '\''/home/thomas.polo/afs/42sh/42sh/missing'\'' autoconf'
AUTOHEADER='${SHELL} '\''/home/thomas.polo/afs/42sh/42sh/missing'\'' autoheader'
AUTOMAKE='${SHELL} '\''/home/thomas.polo/afs/42sh/42sh/missing'\'' automake-1.16'
AWK='gawk'
CC='gcc'
CCDEPMODE='depmode=gcc3'
CFLAGS='-g -O2'
CPPFLAGS=''
CSCOPE='cscope'
CTAGS='ctags'
CYGPATH_W='echo'
DEFS='-DPACKAGE_NAME=\"42sh\" -DPACKAGE_TARNAME=\"42sh\" -DPACKAGE_VERSION=\"0.1\" -DPACKAGE_STRING=\"42sh\ 0.1\" -DPACKAGE_BUGREPORT=\"\" -DPACKAGE_URL=\"\" -DPACKAGE=\"42sh\" -DVERSION=\"0.1\"'
DEPDIR='.deps'
ECHO_C=''
ECHO_N='-n'
ECHO_T=''
ETAGS='etags'
EXEEXT=''
INSTALL_DATA='${INSTALL} -m 644'
INSTALL_PROGRAM='${INSTALL}'
INSTALL_SCRIPT='${INSTALL}'
INSTALL_STRIP_PROGRAM='$(install_sh) -c -s'
LDFLAGS=''
LIBOBJS=''
LIBS=''
LTLIBOBJS=''
MAKEINFO='${SHELL} '\''/home/thomas.polo/afs/42sh/42sh/missing'\'' makeinfo'
MKDIR_P='/run/current-system/sw/bin/mkdir -p'
OBJEXT='o'
PACKAGE='42sh'
PACKAGE_BUGREPORT=''
PACKAGE_NAME='42sh'
PACKAGE_STRING='42sh 0.1'
PACKAGE_TARNAME='42sh'
PACKAGE_URL=''
PACKAGE_VERSION='0.1'
PATH_SEPARATOR=':'
RANLIB='ranlib'
SED='/run/current-system/sw/bin/sed'
SET_MAKE=''
SHELL='/bin/sh'
STRIP=''
VERSION='0.1'
WARN_CFLAGS='-fno-strict-aliasing -Wall -Wextra -Werror -Wvla -pedantic -std=c99 -Wnested-externs -Wmissing-prototypes -Wstrict-prototypes -Wdeclaration-after-statement -Wimplicit-function-declaration -Wold-style-definition -Wjump-misses-init -Wundef -Wwrite-strings -Wpointer-arith -Wmissing-declarations -Wredundant-decls -Wno-unused-parameter -Wno-missing-field-initializers -Wformat=2 -Wcast-align -Wformat-nonliteral -Wformat-security -Wsign-compare -Wstrict-aliasing -Wshadow -Winline -Wpacked -Wmissing-format-attribute -Wmissing-noreturn -Winit-self -Wmissing-include-dirs -Wunused-but-set-variable -Warray-bounds -Wreturn-type -Wswitch-enum -Wswitch-default -Wduplicated-cond -Wduplicated-branches -Wlogical-op -Wrestrict -Wnull-dereference -Wdouble-promotion -Wno-suggest-attribute=format -Wno-error=unused-parameter -Wno-error=missing-field-initializers'
WARN_LDFLAGS='-Wl,--no-as-needed -Wl,--fatal-warnings'
WARN_SCANNERFLAGS='              --warn-all                                                                           --warn-error         '
ac_ct_AR='ar'
ac_ct_CC='gcc'
am__EXEEXT_FALSE=''
am__EXEEXT_TRUE='#'
am__fastdepCC_FALSE='#'
am__fastdepCC_TRUE=''
am__include='include'
am__isrc=''
am__leading_dot='.'
am__nodep='_no'
am__quote=''
am__tar='$${TAR-tar} chof - "$$tardir"'
am__untar='$${TAR-tar} xf -'
bindir='${exec_prefix}/bin'
build_alias=''
datadir='${datarootdir}'
datarootdir='${prefix}/share'
docdir='${datarootdir}/doc/${PACKAGE_TARNAME}'
dvidir='${docdir}'
exec_prefix='${prefix}'
host_alias=''
htmldir='${docdir}'
includedir='${prefix}/include'
infodir='${datarootdir}/info'
install_sh='${SHELL} /home/thomas.polo/afs/42sh/42sh/install-sh'
libdir='${exec_prefix}/lib'
libexecdir='${exec_prefix}/libexec'
localedir='${datarootdir}/locale'
localstatedir='${prefix}/var'
mandir='${datarootdir}/man'
mkdir_p='$(MKDIR_P)'
oldincludedir='/usr/include'
pdfdir='${docdir}'
prefix='/usr/local'
program_transform_name='s,x,x,'
psdir='${docdir}'
runstatedir='${localstatedir}/run'
sbindir='${exec_prefix}/sbin'
sharedstatedir='${prefix}/com'
sysconfdir='${prefix}/etc'
target_alias=''

## ----------- ##
## confdefs.h. ##
## ----------- ##

/* confdefs.h */
#define PACKAGE_NAME "42sh"
#define PACKAGE_TARNAME "42sh"
#define PACKAGE_VERSION "0.1"
#define PACKAGE_STRING "42sh 0.1"
#define PACKAGE_BUGREPORT ""
#define PACKAGE_URL ""
#define PACKAGE "42sh"
#define VERSION "0.1"

configure: exit 0
